0 info it worked if it ends with ok
1 verbose cli [ '/usr/local/bin/node',
1 verbose cli   '/usr/local/bin/npm',
1 verbose cli   'run',
1 verbose cli   'unit-test' ]
2 info using npm@4.1.2
3 info using node@v7.7.1
4 verbose run-script [ 'preunit-test', 'unit-test', 'postunit-test' ]
5 info lifecycle apollo@1.0.0~preunit-test: apollo@1.0.0
6 silly lifecycle apollo@1.0.0~preunit-test: no script for preunit-test, continuing
7 info lifecycle apollo@1.0.0~unit-test: apollo@1.0.0
8 verbose lifecycle apollo@1.0.0~unit-test: unsafe-perm in lifecycle true
9 verbose lifecycle apollo@1.0.0~unit-test: PATH: /usr/local/lib/node_modules/npm/bin/node-gyp-bin:/home/victorferreira/projetos/react-native-redux-apollo/apollo-server/node_modules/.bin:/usr/local/heroku/:/usr/lib64/qt-3.3/bin:/home/victorferreira/.rvm/gems/ruby-2.3.0/bin:/home/victorferreira/.rvm/gems/ruby-2.3.0@global/bin:/home/victorferreira/.rvm/rubies/ruby-2.3.0/bin:/usr/local/heroku/:/usr/local/bin:/usr/local/sbin:/usr/bin:/usr/sbin:/bin:/sbin:/home/victorferreira/.rvm/bin:/home/victorferreira/Android/Sdk/tools:/home/victorferreira/Android/Sdk/platform-tools:~/oc:/var/www/html/magento/bin:/home/victorferreira/.rvm/bin:/home/victorferreira/.local/bin:/home/victorferreira/bin:/home/victorferreira/Android/Sdk/tools:/home/victorferreira/Android/Sdk/platform-tools:~/oc:/var/www/html/magento/bin:/home/victorferreira/.rvm/bin
10 verbose lifecycle apollo@1.0.0~unit-test: CWD: /home/victorferreira/projetos/react-native-redux-apollo/apollo-server
11 silly lifecycle apollo@1.0.0~unit-test: Args: [ '-c', 'mocha --compilers js:babel-core/register test.js' ]
12 silly lifecycle apollo@1.0.0~unit-test: Returned: code: 1  signal: null
13 info lifecycle apollo@1.0.0~unit-test: Failed to exec unit-test script
14 verbose stack Error: apollo@1.0.0 unit-test: `mocha --compilers js:babel-core/register test.js`
14 verbose stack Exit status 1
14 verbose stack     at EventEmitter.<anonymous> (/usr/local/lib/node_modules/npm/lib/utils/lifecycle.js:279:16)
14 verbose stack     at emitTwo (events.js:106:13)
14 verbose stack     at EventEmitter.emit (events.js:194:7)
14 verbose stack     at ChildProcess.<anonymous> (/usr/local/lib/node_modules/npm/lib/utils/spawn.js:40:14)
14 verbose stack     at emitTwo (events.js:106:13)
14 verbose stack     at ChildProcess.emit (events.js:194:7)
14 verbose stack     at maybeClose (internal/child_process.js:899:16)
14 verbose stack     at Process.ChildProcess._handle.onexit (internal/child_process.js:226:5)
15 verbose pkgid apollo@1.0.0
16 verbose cwd /home/victorferreira/projetos/react-native-redux-apollo/apollo-server
17 error Linux 3.10.0-327.36.1.el7.x86_64
18 error argv "/usr/local/bin/node" "/usr/local/bin/npm" "run" "unit-test"
19 error node v7.7.1
20 error npm  v4.1.2
21 error code ELIFECYCLE
22 error apollo@1.0.0 unit-test: `mocha --compilers js:babel-core/register test.js`
22 error Exit status 1
23 error Failed at the apollo@1.0.0 unit-test script 'mocha --compilers js:babel-core/register test.js'.
23 error Make sure you have the latest version of node.js and npm installed.
23 error If you do, this is most likely a problem with the apollo package,
23 error not with npm itself.
23 error Tell the author that this fails on your system:
23 error     mocha --compilers js:babel-core/register test.js
23 error You can get information on how to open an issue for this project with:
23 error     npm bugs apollo
23 error Or if that isn't available, you can get their info via:
23 error     npm owner ls apollo
23 error There is likely additional logging output above.
24 verbose exit [ 1, true ]
